<?xml version="1.0" encoding="UTF-8"?>
<testng-results ignored="0" total="1" passed="1" failed="0" skipped="0">
  <reporter-output>
    <line>
      <![CDATA[Succuesfully open]]>
    </line>
    <line>
      <![CDATA[Login is sucuessful]]>
    </line>
    <line>
      <![CDATA[customer]]>
    </line>
    <line>
      <![CDATA[Logout SUccuss]]>
    </line>
    <line>
      <![CDATA[Succuessfully Closed]]>
    </line>
  </reporter-output>
  <suite started-at="2024-01-05T13:02:58 IST" name="Suite" finished-at="2024-01-05T13:02:58 IST" duration-ms="60">
    <groups>
    </groups>
    <test started-at="2024-01-05T13:02:58 IST" name="Test" finished-at="2024-01-05T13:02:58 IST" duration-ms="60">
      <class name="com.Actitime.testscript.Login">
        <test-method is-config="true" signature="OpenBrowser()[pri:0, instance:com.Actitime.testscript.Login@70e9c95d]" started-at="2024-01-05T13:02:58 IST" name="OpenBrowser" finished-at="2024-01-05T13:02:58 IST" duration-ms="11" status="PASS">
          <reporter-output>
            <line>
              <![CDATA[Succuesfully open]]>
            </line>
          </reporter-output>
        </test-method> <!-- OpenBrowser -->
        <test-method is-config="true" signature="login()[pri:0, instance:com.Actitime.testscript.Login@70e9c95d]" started-at="2024-01-05T13:02:58 IST" name="login" finished-at="2024-01-05T13:02:58 IST" duration-ms="1" status="PASS">
          <reporter-output>
            <line>
              <![CDATA[Login is sucuessful]]>
            </line>
          </reporter-output>
        </test-method> <!-- login -->
        <test-method signature="Customer()[pri:0, instance:com.Actitime.testscript.Login@70e9c95d]" started-at="2024-01-05T13:02:58 IST" name="Customer" finished-at="2024-01-05T13:02:58 IST" duration-ms="5" status="PASS">
          <reporter-output>
            <line>
              <![CDATA[customer]]>
            </line>
          </reporter-output>
        </test-method> <!-- Customer -->
        <test-method is-config="true" signature="logout()[pri:0, instance:com.Actitime.testscript.Login@70e9c95d]" started-at="2024-01-05T13:02:58 IST" name="logout" finished-at="2024-01-05T13:02:58 IST" duration-ms="1" status="PASS">
          <reporter-output>
            <line>
              <![CDATA[Logout SUccuss]]>
            </line>
          </reporter-output>
        </test-method> <!-- logout -->
        <test-method is-config="true" signature="CloseBrowser()[pri:0, instance:com.Actitime.testscript.Login@70e9c95d]" started-at="2024-01-05T13:02:58 IST" name="CloseBrowser" finished-at="2024-01-05T13:02:58 IST" duration-ms="0" status="PASS">
          <reporter-output>
            <line>
              <![CDATA[Succuessfully Closed]]>
            </line>
          </reporter-output>
        </test-method> <!-- CloseBrowser -->
      </class> <!-- com.Actitime.testscript.Login -->
    </test> <!-- Test -->
  </suite> <!-- Suite -->
</testng-results>
